<?xml version="1.0" encoding="UTF-8"?>
<beans xmlns="http://www.springframework.org/schema/beans"
	xmlns:xsi="http://www.w3.org/2001/XMLSchema-instance" xmlns:context="http://www.springframework.org/schema/context"
	xmlns:aop="http://www.springframework.org/schema/aop" xmlns:tx="http://www.springframework.org/schema/tx"
	xmlns:p="http://www.springframework.org/schema/p" xmlns:jee="http://www.springframework.org/schema/jee"
	xsi:schemaLocation="http://www.springframework.org/schema/beans 
						http://www.springframework.org/schema/beans/spring-beans-4.0.xsd
						http://www.springframework.org/schema/context 
						http://www.springframework.org/schema/context/spring-context-4.0.xsd
						http://www.springframework.org/schema/aop 
						http://www.springframework.org/schema/aop/spring-aop-4.0.xsd
						http://www.springframework.org/schema/tx 
						http://www.springframework.org/schema/tx/spring-tx-4.0.xsd
						http://www.springframework.org/schema/jee 
						http://www.springframework.org/schema/jee/spring-jee-4.0.xsd
	">

	<context:annotation-config/>  
	<context:component-scan base-package="pe.com.bbva.visitame.dao.hibernate" />
	
	<bean p:location="classpath:visitame.properties" 
		class="org.springframework.beans.factory.config.PropertiesFactoryBean" 
		id="visitameProperties">
	</bean>
	<context:property-placeholder properties-ref="visitameProperties"/>
	
	<!-- Datasource Directo -->
	<!-- <bean id="dataSource"
		class="org.springframework.jdbc.datasource.DriverManagerDataSource">
		<property name="driverClassName" value="oracle.jdbc.driver.OracleDriver" />
		<property name="url" value="jdbc:oracle:thin:@150.250.250.248:1521:visitamebdpe1" />
		<property name="username" value="ZDBSvisitame" />
		<property name="password" value="visitame@1234" />
	</bean> -->
	<!-- Initialization for TransactionManager -->
	 <bean id="transactionManager"
		class="org.springframework.orm.hibernate4.HibernateTransactionManager">
		<property name="sessionFactory" ref="sessionFactory" />
	</bean> 

<!-- 	<bean id="sessionFactory" -->
<!-- 		class="org.springframework.orm.hibernate4.LocalSessionFactoryBean"> -->
<!-- 		<property name="dataSource" ref="dataSource" /> -->
<!-- 		<property name="hibernateProperties"> -->
<!-- 			<props> -->
<!-- 				<prop key="hibernate.dialect">org.hibernate.dialect.Oracle10gDialect</prop> -->
<!-- 				<prop key="hibernate.show_sql">true</prop> -->
<!-- 				<prop key="format_sql">true</prop> -->
<!-- 				<prop key="use_sql_comments">true</prop> -->
<!-- 			</props> -->
<!-- 		</property> -->
<!-- 		<property name="packagesToScan" value="pe.com.bbva.visitame.dominio" /> -->
<!-- 	</bean> -->
	
	<bean id="sessionFactory" class="org.springframework.orm.hibernate4.LocalSessionFactoryBean">
		<!-- <property name="dataSource" ref="dataSource" /> -->
		<!-- <property name="configLocation" value="classpath:hibernate.cfg.xml" /> -->
	</bean>

	 <tx:annotation-driven transaction-manager="transactionManager" /> 
	
	<!-- <bean id="jdbcTemplate" class="org.springframework.jdbc.core.JdbcTemplate">
	  <constructor-arg><ref bean="dataSource" /></constructor-arg>
	</bean>
	<bean id="namedParameterJdbcTemplate" class="org.springframework.jdbc.core.namedparam.NamedParameterJdbcTemplate">
	  <constructor-arg><ref bean="dataSource" /></constructor-arg>
	</bean>
	
	<bean id="transactionManagerQuartz" class="org.springframework.jdbc.datasource.DataSourceTransactionManager">
		<property name="dataSource" ref="dataSource" />    
	</bean>-->

</beans>